<?xml version="1.0" encoding="UTF-8"?>
<!-- Generated by org.testng.reporters.JUnitXMLReporter -->
<testsuite ignored="0" hostname="DESKTOP-GM7NKR1" failures="0" tests="1" name="Test-Runner2" time="371.918" errors="0" timestamp="2024-01-09T14:27:51 IST">
  <testcase classname="contactsTests.CreateContactWithLeadSource" name="CreateAContactWithLead" time="112.696"/>
</testsuite> <!-- Test-Runner2 -->
