<?xml version="1.0" encoding="UTF-8"?>
<!-- Generated by org.testng.reporters.JUnitXMLReporter -->
<testsuite ignored="0" hostname="DESKTOP-GM7NKR1" failures="0" tests="1" name="Test-runner1" time="373.463" errors="0" timestamp="2024-01-09T14:27:51 IST">
  <testcase classname="contactsTests.CreateContactTest" name="CreateAContact" time="113.228"/>
</testsuite> <!-- Test-runner1 -->
