<?xml version="1.0" encoding="UTF-8"?>
<!-- Generated by org.testng.reporters.JUnitXMLReporter -->
<testsuite ignored="0" hostname="DESKTOP-GM7NKR1" failures="0" tests="1" name="Test-Runner-Chrome" time="76.79" errors="0" timestamp="2024-01-09T14:04:27 IST">
  <testcase classname="contactsTests.CreateContactTest" name="CreateAContact" time="17.006"/>
</testsuite> <!-- Test-Runner-Chrome -->
