<?xml version="1.0" encoding="UTF-8"?>
<!-- Generated by org.testng.reporters.JUnitXMLReporter -->
<testsuite ignored="0" hostname="DESKTOP-GM7NKR1" failures="0" tests="1" name="Test-Runner-Edge" time="144.736" errors="0" timestamp="2024-01-09T14:03:10 IST">
  <testcase classname="contactsTests.CreateContactTest" name="CreateAContact" time="29.431"/>
</testsuite> <!-- Test-Runner-Edge -->
