<?xml version="1.0" encoding="UTF-8"?>
<!-- Generated by org.testng.reporters.JUnitReportReporter -->
<testsuite hostname="DESKTOP-GM7NKR1" failures="0" tests="1" name="Practice.Assertions" time="0.065" errors="0" timestamp="2024-01-16T10:28:13 IST" skipped="0">
  <testcase classname="Practice.Assertions" name="sample" time="0.065"/>
</testsuite> <!-- Practice.Assertions -->
