<?xml version="1.0" encoding="UTF-8"?>
<!-- Generated by org.testng.reporters.JUnitReportReporter -->
<testsuite hostname="DESKTOP-GM7NKR1" failures="0" tests="1" name="contactsTests.CreateContactTest" time="95.122" errors="0" timestamp="2024-01-16T12:42:49 IST" skipped="0">
  <testcase classname="contactsTests.CreateContactTest" name="CreateAContact" time="95.122"/>
</testsuite> <!-- contactsTests.CreateContactTest -->
