<?xml version="1.0" encoding="UTF-8"?>
<!-- Generated by org.testng.reporters.JUnitReportReporter -->
<testsuite hostname="DESKTOP-GM7NKR1" failures="0" tests="1" name="Practice.SoftAssertion" time="0.009" errors="0" timestamp="2024-01-08T11:27:55 IST" skipped="0">
  <testcase classname="Practice.SoftAssertion" name="softAssert" time="0.009"/>
</testsuite> <!-- Practice.SoftAssertion -->
