<?xml version="1.0" encoding="UTF-8"?>
<!-- Generated by org.testng.reporters.JUnitReportReporter -->
<testsuite hostname="DESKTOP-GM7NKR1" failures="0" tests="1" name="Practice.readingDataFromCmd" time="0.035" errors="0" timestamp="2024-01-19T11:09:41 IST" skipped="0">
  <testcase classname="Practice.readingDataFromCmd" name="read" time="0.035"/>
</testsuite> <!-- Practice.readingDataFromCmd -->
