<?xml version="1.0" encoding="UTF-8"?>
<!-- Generated by org.testng.reporters.JUnitReportReporter -->
<testsuite hostname="DESKTOP-GM7NKR1" failures="0" tests="3" name="Practice.TestNGPractice" time="0.030" errors="0" timestamp="2024-01-08T11:27:55 IST" skipped="0">
  <testcase classname="Practice.TestNGPractice" name="deleteCustomer" time="0.021"/>
  <testcase classname="Practice.TestNGPractice" name="createCustoer" time="0.005"/>
  <testcase classname="Practice.TestNGPractice" name="modifyCustomer" time="0.004"/>
</testsuite> <!-- Practice.TestNGPractice -->
