<?xml version="1.0" encoding="UTF-8"?>
<!-- Generated by org.testng.reporters.JUnitReportReporter -->
<testsuite hostname="DESKTOP-GM7NKR1" failures="0" tests="1" name="Practice.TestNGSample" time="0.005" errors="0" timestamp="2024-01-08T11:24:46 IST" skipped="0">
  <testcase classname="Practice.TestNGSample" name="sample" time="0.005"/>
</testsuite> <!-- Practice.TestNGSample -->
