<?xml version="1.0" encoding="UTF-8"?>
<!-- Generated by org.testng.reporters.JUnitReportReporter -->
<testsuite hostname="DESKTOP-GM7NKR1" failures="0" tests="1" name="Practice.TestNGSamle" time="0.040" errors="0" timestamp="2024-01-03T11:09:20 IST" skipped="0">
  <testcase classname="Practice.TestNGSamle" name="sample" time="0.040"/>
</testsuite> <!-- Practice.TestNGSamle -->
