<?xml version="1.0" encoding="UTF-8"?>
<!-- Generated by org.testng.reporters.JUnitReportReporter -->
<testsuite hostname="DESKTOP-GM7NKR1" failures="0" tests="1" name="contactsTests.CreateContactWithLeadSource" time="213.975" errors="0" timestamp="2024-01-09T14:28:08 IST" skipped="0">
  <testcase classname="contactsTests.CreateContactWithLeadSource" name="CreateAContactWithLead" time="213.975"/>
</testsuite> <!-- contactsTests.CreateContactWithLeadSource -->
